2023.11.10 13:27:56 INFO  Started: Metals version 1.1.0 in folders 'C:\Users\ASUS\OneDrive - Universidad Icesi (@icesi.edu.co)\Discretas II\2023-2t2-team-e7\Implementacion' for client Visual Studio Code 1.84.2.
2023.11.10 13:28:05 INFO  no build target found for C:\Users\ASUS\OneDrive - Universidad Icesi (@icesi.edu.co)\Discretas II\2023-2t2-team-e7\Implementacion\src\model\Input.scala. Using presentation compiler with project's scala-library version: 3.3.1
nov 10, 2023 1:28:05 PM org.eclipse.lsp4j.jsonrpc.RemoteEndpoint handleCancellation
ADVERTENCIA: Unmatched cancel notification for request id 2
nov 10, 2023 1:28:05 PM org.eclipse.lsp4j.jsonrpc.RemoteEndpoint handleCancellation
ADVERTENCIA: Unmatched cancel notification for request id 3
nov 10, 2023 1:28:05 PM org.eclipse.lsp4j.jsonrpc.RemoteEndpoint handleCancellation
ADVERTENCIA: Unmatched cancel notification for request id 4
nov 10, 2023 1:28:05 PM org.eclipse.lsp4j.jsonrpc.RemoteEndpoint handleCancellation
ADVERTENCIA: Unmatched cancel notification for request id 6
nov 10, 2023 1:28:05 PM org.eclipse.lsp4j.jsonrpc.RemoteEndpoint handleCancellation
ADVERTENCIA: Unmatched cancel notification for request id 8
2023.11.10 13:28:05 WARN  Build server is not auto-connectable.
2023.11.10 13:28:06 WARN  no build target for: C:\Users\ASUS\OneDrive - Universidad Icesi (@icesi.edu.co)\Discretas II\2023-2t2-team-e7\Implementacion\src\model\SingleCheckSum.scala
2023.11.10 13:28:06 WARN  no build target for: C:\Users\ASUS\OneDrive - Universidad Icesi (@icesi.edu.co)\Discretas II\2023-2t2-team-e7\Implementacion\src\model\Input.scala
nov 10, 2023 1:28:06 PM org.eclipse.lsp4j.jsonrpc.RemoteEndpoint handleCancellation
ADVERTENCIA: Unmatched cancel notification for request id 7
nov 10, 2023 1:28:06 PM org.eclipse.lsp4j.jsonrpc.RemoteEndpoint handleCancellation
ADVERTENCIA: Unmatched cancel notification for request id 15
nov 10, 2023 1:28:06 PM org.eclipse.lsp4j.jsonrpc.RemoteEndpoint handleCancellation
ADVERTENCIA: Unmatched cancel notification for request id 20
nov 10, 2023 1:28:06 PM org.eclipse.lsp4j.jsonrpc.RemoteEndpoint handleCancellation
ADVERTENCIA: Unmatched cancel notification for request id 26
nov 10, 2023 1:28:06 PM org.eclipse.lsp4j.jsonrpc.RemoteEndpoint handleCancellation
ADVERTENCIA: Unmatched cancel notification for request id 29
nov 10, 2023 1:28:06 PM org.eclipse.lsp4j.jsonrpc.RemoteEndpoint handleCancellation
ADVERTENCIA: Unmatched cancel notification for request id 18
nov 10, 2023 1:28:06 PM org.eclipse.lsp4j.jsonrpc.RemoteEndpoint handleCancellation
ADVERTENCIA: Unmatched cancel notification for request id 33
nov 10, 2023 1:28:06 PM org.eclipse.lsp4j.jsonrpc.RemoteEndpoint handleCancellation
ADVERTENCIA: Unmatched cancel notification for request id 34
nov 10, 2023 1:28:06 PM org.eclipse.lsp4j.jsonrpc.RemoteEndpoint handleCancellation
ADVERTENCIA: Unmatched cancel notification for request id 36
2023.11.10 13:28:07 WARN  Could not find semantic tokens for: file:///C:/Users/ASUS/OneDrive%20-%20Universidad%20Icesi%20(@icesi.edu.co)/Discretas%20II/2023-2t2-team-e7/Implementacion/src/model/Input.scala
2023.11.10 13:28:08 INFO  time: code lens generation in 2.06s
2023.11.10 13:28:08 INFO  time: code lens generation in 1.98s
2023.11.10 13:28:08 INFO  time: code lens generation in 2.12s
2023.11.10 13:28:08 INFO  time: code lens generation in 1.9s
2023.11.10 13:28:08 INFO  time: code lens generation in 1.85s
2023.11.10 13:28:08 INFO  time: code lens generation in 1.94s
2023.11.10 13:28:08 INFO  time: code lens generation in 2.01s
2023.11.10 13:28:08 INFO  time: code lens generation in 1.96s
2023.11.10 13:28:08 WARN  Could not find semantic tokens for: file:///C:/Users/ASUS/OneDrive%20-%20Universidad%20Icesi%20(@icesi.edu.co)/Discretas%20II/2023-2t2-team-e7/Implementacion/src/model/Input.scala
2023.11.10 13:28:08 WARN  Could not find semantic tokens for: file:///C:/Users/ASUS/OneDrive%20-%20Universidad%20Icesi%20(@icesi.edu.co)/Discretas%20II/2023-2t2-team-e7/Implementacion/src/model/Input.scala
2023.11.10 13:28:09 WARN  Could not find semantic tokens for: file:///C:/Users/ASUS/OneDrive%20-%20Universidad%20Icesi%20(@icesi.edu.co)/Discretas%20II/2023-2t2-team-e7/Implementacion/src/model/Input.scala
2023.11.10 13:28:10 WARN  Could not find semantic tokens for: file:///C:/Users/ASUS/OneDrive%20-%20Universidad%20Icesi%20(@icesi.edu.co)/Discretas%20II/2023-2t2-team-e7/Implementacion/src/model/Input.scala
2023.11.10 13:28:12 WARN  Could not find semantic tokens for: file:///C:/Users/ASUS/OneDrive%20-%20Universidad%20Icesi%20(@icesi.edu.co)/Discretas%20II/2023-2t2-team-e7/Implementacion/src/model/SingleCheckSum.scala
2023.11.10 13:28:35 WARN  no build target for: C:\Users\ASUS\OneDrive - Universidad Icesi (@icesi.edu.co)\Discretas II\2023-2t2-team-e7\Implementacion\src\model\DualCheckSum.scala
2023.11.10 13:28:35 WARN  Could not find semantic tokens for: file:///C:/Users/ASUS/OneDrive%20-%20Universidad%20Icesi%20(@icesi.edu.co)/Discretas%20II/2023-2t2-team-e7/Implementacion/src/model/DualCheckSum.scala
2023.11.10 13:28:35 WARN  Could not find semantic tokens for: file:///C:/Users/ASUS/OneDrive%20-%20Universidad%20Icesi%20(@icesi.edu.co)/Discretas%20II/2023-2t2-team-e7/Implementacion/src/model/DualCheckSum.scala
2023.11.10 13:28:47 WARN  no build target for: C:\Users\ASUS\OneDrive - Universidad Icesi (@icesi.edu.co)\Discretas II\2023-2t2-team-e7\Implementacion\src\model\DataExperiment.scala
2023.11.10 13:28:47 WARN  Could not find semantic tokens for: file:///C:/Users/ASUS/OneDrive%20-%20Universidad%20Icesi%20(@icesi.edu.co)/Discretas%20II/2023-2t2-team-e7/Implementacion/src/model/DataExperiment.scala
2023.11.10 13:28:48 WARN  Could not find semantic tokens for: file:///C:/Users/ASUS/OneDrive%20-%20Universidad%20Icesi%20(@icesi.edu.co)/Discretas%20II/2023-2t2-team-e7/Implementacion/src/model/DataExperiment.scala
2023.11.10 13:29:08 WARN  no build target for: C:\Users\ASUS\OneDrive - Universidad Icesi (@icesi.edu.co)\Discretas II\2023-2t2-team-e7\Implementacion\src\model\IExperiment.scala
2023.11.10 13:29:08 WARN  Could not find semantic tokens for: file:///C:/Users/ASUS/OneDrive%20-%20Universidad%20Icesi%20(@icesi.edu.co)/Discretas%20II/2023-2t2-team-e7/Implementacion/src/model/IExperiment.scala
2023.11.10 13:29:08 WARN  Could not find semantic tokens for: file:///C:/Users/ASUS/OneDrive%20-%20Universidad%20Icesi%20(@icesi.edu.co)/Discretas%20II/2023-2t2-team-e7/Implementacion/src/model/IExperiment.scala
2023.11.10 13:29:38 WARN  no build target for: C:\Users\ASUS\OneDrive - Universidad Icesi (@icesi.edu.co)\Discretas II\2023-2t2-team-e7\Implementacion\src\model\ICheckSum.scala
2023.11.10 13:29:38 WARN  Could not find semantic tokens for: file:///C:/Users/ASUS/OneDrive%20-%20Universidad%20Icesi%20(@icesi.edu.co)/Discretas%20II/2023-2t2-team-e7/Implementacion/src/model/ICheckSum.scala
2023.11.10 13:29:38 WARN  Could not find semantic tokens for: file:///C:/Users/ASUS/OneDrive%20-%20Universidad%20Icesi%20(@icesi.edu.co)/Discretas%20II/2023-2t2-team-e7/Implementacion/src/model/ICheckSum.scala
2023.11.10 13:30:53 WARN  no build target for: C:\Users\ASUS\OneDrive - Universidad Icesi (@icesi.edu.co)\Discretas II\2023-2t2-team-e7\Implementacion\src\model\ToyExperiment.scala
2023.11.10 13:30:53 WARN  Could not find semantic tokens for: file:///C:/Users/ASUS/OneDrive%20-%20Universidad%20Icesi%20(@icesi.edu.co)/Discretas%20II/2023-2t2-team-e7/Implementacion/src/model/ToyExperiment.scala
2023.11.10 13:30:53 WARN  Could not find semantic tokens for: file:///C:/Users/ASUS/OneDrive%20-%20Universidad%20Icesi%20(@icesi.edu.co)/Discretas%20II/2023-2t2-team-e7/Implementacion/src/model/ToyExperiment.scala
2023.11.10 13:31:08 WARN  no build target for: C:\Users\ASUS\OneDrive - Universidad Icesi (@icesi.edu.co)\Discretas II\2023-2t2-team-e7\Implementacion\src\model\PequenaExperiment.scala
2023.11.10 13:31:09 WARN  Could not find semantic tokens for: file:///C:/Users/ASUS/OneDrive%20-%20Universidad%20Icesi%20(@icesi.edu.co)/Discretas%20II/2023-2t2-team-e7/Implementacion/src/model/PequenaExperiment.scala
2023.11.10 13:31:08 WARN  Could not find semantic tokens for: file:///C:/Users/ASUS/OneDrive%20-%20Universidad%20Icesi%20(@icesi.edu.co)/Discretas%20II/2023-2t2-team-e7/Implementacion/src/model/PequenaExperiment.scala
2023.11.10 13:31:51 WARN  no build target for: C:\Users\ASUS\OneDrive - Universidad Icesi (@icesi.edu.co)\Discretas II\2023-2t2-team-e7\Implementacion\src\model\MedianaExperiment.scala
2023.11.10 13:31:51 WARN  Could not find semantic tokens for: file:///C:/Users/ASUS/OneDrive%20-%20Universidad%20Icesi%20(@icesi.edu.co)/Discretas%20II/2023-2t2-team-e7/Implementacion/src/model/MedianaExperiment.scala
2023.11.10 13:31:51 WARN  Could not find semantic tokens for: file:///C:/Users/ASUS/OneDrive%20-%20Universidad%20Icesi%20(@icesi.edu.co)/Discretas%20II/2023-2t2-team-e7/Implementacion/src/model/MedianaExperiment.scala
2023.11.10 13:32:11 WARN  no build target for: C:\Users\ASUS\OneDrive - Universidad Icesi (@icesi.edu.co)\Discretas II\2023-2t2-team-e7\Implementacion\src\model\GrandeExperiment.scala
2023.11.10 13:32:11 WARN  Could not find semantic tokens for: file:///C:/Users/ASUS/OneDrive%20-%20Universidad%20Icesi%20(@icesi.edu.co)/Discretas%20II/2023-2t2-team-e7/Implementacion/src/model/GrandeExperiment.scala
2023.11.10 13:32:11 WARN  Could not find semantic tokens for: file:///C:/Users/ASUS/OneDrive%20-%20Universidad%20Icesi%20(@icesi.edu.co)/Discretas%20II/2023-2t2-team-e7/Implementacion/src/model/GrandeExperiment.scala
2023.11.10 13:34:39 WARN  Could not find semantic tokens for: file:///C:/Users/ASUS/OneDrive%20-%20Universidad%20Icesi%20(@icesi.edu.co)/Discretas%20II/2023-2t2-team-e7/Implementacion/src/model/IExperiment.scala
2023.11.10 13:34:41 WARN  Could not find semantic tokens for: file:///C:/Users/ASUS/OneDrive%20-%20Universidad%20Icesi%20(@icesi.edu.co)/Discretas%20II/2023-2t2-team-e7/Implementacion/src/model/IExperiment.scala
2023.11.10 13:34:42 WARN  Could not find semantic tokens for: file:///C:/Users/ASUS/OneDrive%20-%20Universidad%20Icesi%20(@icesi.edu.co)/Discretas%20II/2023-2t2-team-e7/Implementacion/src/model/IExperiment.scala
2023.11.10 13:34:53 WARN  no build target for: C:\Users\ASUS\OneDrive - Universidad Icesi (@icesi.edu.co)\Discretas II\2023-2t2-team-e7\Implementacion\src\model\Controller.scala
2023.11.10 13:35:31 WARN  no build target for: C:\Users\ASUS\OneDrive - Universidad Icesi (@icesi.edu.co)\Discretas II\2023-2t2-team-e7\Implementacion\src\model\IExperiment.scala
2023.11.10 13:35:43 WARN  Could not find semantic tokens for: file:///C:/Users/ASUS/OneDrive%20-%20Universidad%20Icesi%20(@icesi.edu.co)/Discretas%20II/2023-2t2-team-e7/Implementacion/src/model/ICheckSum.scala
2023.11.10 13:35:45 WARN  Could not find semantic tokens for: file:///C:/Users/ASUS/OneDrive%20-%20Universidad%20Icesi%20(@icesi.edu.co)/Discretas%20II/2023-2t2-team-e7/Implementacion/src/model/ICheckSum.scala
2023.11.10 13:35:47 WARN  Could not find semantic tokens for: file:///C:/Users/ASUS/OneDrive%20-%20Universidad%20Icesi%20(@icesi.edu.co)/Discretas%20II/2023-2t2-team-e7/Implementacion/src/model/ICheckSum.scala
2023.11.10 13:37:25 WARN  no build target for: C:\Users\ASUS\OneDrive - Universidad Icesi (@icesi.edu.co)\Discretas II\2023-2t2-team-e7\Implementacion\src\model\ICheckSum.scala
2023.11.10 13:37:59 WARN  Could not find semantic tokens for: file:///C:/Users/ASUS/OneDrive%20-%20Universidad%20Icesi%20(@icesi.edu.co)/Discretas%20II/2023-2t2-team-e7/Implementacion/src/model/ToyExperiment.scala
2023.11.10 13:38:08 WARN  Could not find semantic tokens for: file:///C:/Users/ASUS/OneDrive%20-%20Universidad%20Icesi%20(@icesi.edu.co)/Discretas%20II/2023-2t2-team-e7/Implementacion/src/model/ToyExperiment.scala
2023.11.10 13:38:10 WARN  Could not find semantic tokens for: file:///C:/Users/ASUS/OneDrive%20-%20Universidad%20Icesi%20(@icesi.edu.co)/Discretas%20II/2023-2t2-team-e7/Implementacion/src/model/ToyExperiment.scala
nov 10, 2023 1:38:26 PM org.eclipse.lsp4j.jsonrpc.RemoteEndpoint handleCancellation
ADVERTENCIA: Unmatched cancel notification for request id 590
2023.11.10 13:38:28 WARN  no build target for: C:\Users\ASUS\OneDrive - Universidad Icesi (@icesi.edu.co)\Discretas II\2023-2t2-team-e7\Implementacion\src\model\ToyExperiment.scala
2023.11.10 13:38:44 WARN  Could not find semantic tokens for: file:///C:/Users/ASUS/OneDrive%20-%20Universidad%20Icesi%20(@icesi.edu.co)/Discretas%20II/2023-2t2-team-e7/Implementacion/src/model/PequenaExperiment.scala
2023.11.10 13:38:52 WARN  no build target for: C:\Users\ASUS\OneDrive - Universidad Icesi (@icesi.edu.co)\Discretas II\2023-2t2-team-e7\Implementacion\src\model\PequenaExperiment.scala
2023.11.10 13:38:55 WARN  Could not find semantic tokens for: file:///C:/Users/ASUS/OneDrive%20-%20Universidad%20Icesi%20(@icesi.edu.co)/Discretas%20II/2023-2t2-team-e7/Implementacion/src/model/MedianaExperiment.scala
2023.11.10 13:39:00 WARN  no build target for: C:\Users\ASUS\OneDrive - Universidad Icesi (@icesi.edu.co)\Discretas II\2023-2t2-team-e7\Implementacion\src\model\MedianaExperiment.scala
2023.11.10 13:39:03 WARN  Could not find semantic tokens for: file:///C:/Users/ASUS/OneDrive%20-%20Universidad%20Icesi%20(@icesi.edu.co)/Discretas%20II/2023-2t2-team-e7/Implementacion/src/model/GrandeExperiment.scala
2023.11.10 13:39:08 WARN  no build target for: C:\Users\ASUS\OneDrive - Universidad Icesi (@icesi.edu.co)\Discretas II\2023-2t2-team-e7\Implementacion\src\model\GrandeExperiment.scala
2023.11.10 13:39:11 WARN  Could not find semantic tokens for: file:///C:/Users/ASUS/OneDrive%20-%20Universidad%20Icesi%20(@icesi.edu.co)/Discretas%20II/2023-2t2-team-e7/Implementacion/src/model/Input.scala
nov 10, 2023 1:40:08 PM org.eclipse.lsp4j.jsonrpc.RemoteEndpoint handleCancellation
ADVERTENCIA: Unmatched cancel notification for request id 785
2023.11.10 13:40:43 WARN  no build target for: C:\Users\ASUS\OneDrive - Universidad Icesi (@icesi.edu.co)\Discretas II\2023-2t2-team-e7\Implementacion\src\model\Input.scala
2023.11.10 13:42:28 WARN  Could not find semantic tokens for: file:///C:/Users/ASUS/OneDrive%20-%20Universidad%20Icesi%20(@icesi.edu.co)/Discretas%20II/2023-2t2-team-e7/Implementacion/src/model/SingleCheckSum.scala
2023.11.10 13:42:31 WARN  no build target for: C:\Users\ASUS\OneDrive - Universidad Icesi (@icesi.edu.co)\Discretas II\2023-2t2-team-e7\Implementacion\src\model\Controller.scala
2023.11.10 13:42:31 WARN  Could not find semantic tokens for: file:///C:/Users/ASUS/OneDrive%20-%20Universidad%20Icesi%20(@icesi.edu.co)/Discretas%20II/2023-2t2-team-e7/Implementacion/src/model/Controller.scala
2023.11.10 13:42:31 WARN  Could not find semantic tokens for: file:///C:/Users/ASUS/OneDrive%20-%20Universidad%20Icesi%20(@icesi.edu.co)/Discretas%20II/2023-2t2-team-e7/Implementacion/src/model/Controller.scala
2023.11.10 13:42:56 WARN  Could not find semantic tokens for: file:///C:/Users/ASUS/OneDrive%20-%20Universidad%20Icesi%20(@icesi.edu.co)/Discretas%20II/2023-2t2-team-e7/Implementacion/src/model/Controller.scala
2023.11.10 13:42:57 WARN  Could not find semantic tokens for: file:///C:/Users/ASUS/OneDrive%20-%20Universidad%20Icesi%20(@icesi.edu.co)/Discretas%20II/2023-2t2-team-e7/Implementacion/src/model/Controller.scala
2023.11.10 13:42:58 WARN  Could not find semantic tokens for: file:///C:/Users/ASUS/OneDrive%20-%20Universidad%20Icesi%20(@icesi.edu.co)/Discretas%20II/2023-2t2-team-e7/Implementacion/src/model/Controller.scala
2023.11.10 13:43:58 WARN  Could not find semantic tokens for: file:///C:/Users/ASUS/OneDrive%20-%20Universidad%20Icesi%20(@icesi.edu.co)/Discretas%20II/2023-2t2-team-e7/Implementacion/src/model/SingleCheckSum.scala
nov 10, 2023 1:44:10 PM org.eclipse.lsp4j.jsonrpc.RemoteEndpoint handleCancellation
ADVERTENCIA: Unmatched cancel notification for request id 1150
nov 10, 2023 1:44:10 PM org.eclipse.lsp4j.jsonrpc.RemoteEndpoint handleCancellation
ADVERTENCIA: Unmatched cancel notification for request id 1152
nov 10, 2023 1:44:33 PM org.eclipse.lsp4j.jsonrpc.RemoteEndpoint handleCancellation
ADVERTENCIA: Unmatched cancel notification for request id 1260
2023.11.10 13:44:47 WARN  no build target for: C:\Users\ASUS\OneDrive - Universidad Icesi (@icesi.edu.co)\Discretas II\2023-2t2-team-e7\Implementacion\src\model\SingleCheckSum.scala
2023.11.10 13:45:12 WARN  no build target for: C:\Users\ASUS\OneDrive - Universidad Icesi (@icesi.edu.co)\Discretas II\2023-2t2-team-e7\Implementacion\src\model\SingleCheckSum.scala
2023.11.10 13:45:25 WARN  no build target for: C:\Users\ASUS\OneDrive - Universidad Icesi (@icesi.edu.co)\Discretas II\2023-2t2-team-e7\Implementacion\src\model\DualCheckSum.scala
2023.11.10 13:47:51 WARN  no build target for: C:\Users\ASUS\OneDrive - Universidad Icesi (@icesi.edu.co)\Discretas II\2023-2t2-team-e7\Implementacion\src\model\Controller.scala
2023.11.10 13:47:58 WARN  no build target for: C:\Users\ASUS\OneDrive - Universidad Icesi (@icesi.edu.co)\Discretas II\2023-2t2-team-e7\Implementacion\src\main\scala\main.scala
2023.11.10 13:48:17 WARN  no build target for: C:\Users\ASUS\OneDrive - Universidad Icesi (@icesi.edu.co)\Discretas II\2023-2t2-team-e7\Implementacion\src\main\scala\main.scala
2023.11.10 13:48:59 WARN  no build target for: C:\Users\ASUS\OneDrive - Universidad Icesi (@icesi.edu.co)\Discretas II\2023-2t2-team-e7\Implementacion\src\model\DualCheckSum.scala
nov 10, 2023 1:51:28 PM org.eclipse.lsp4j.jsonrpc.RemoteEndpoint handleCancellation
ADVERTENCIA: Unmatched cancel notification for request id 2180
2023.11.10 13:51:31 WARN  no build target for: C:\Users\ASUS\OneDrive - Universidad Icesi (@icesi.edu.co)\Discretas II\2023-2t2-team-e7\Implementacion\src\model\SingleCheckSum.scala
2023.11.10 13:51:33 WARN  no build target for: C:\Users\ASUS\OneDrive - Universidad Icesi (@icesi.edu.co)\Discretas II\2023-2t2-team-e7\Implementacion\src\model\SingleCheckSum.scala
2023.11.10 13:51:36 WARN  no build target for: C:\Users\ASUS\OneDrive - Universidad Icesi (@icesi.edu.co)\Discretas II\2023-2t2-team-e7\Implementacion\src\model\DualCheckSum.scala
2023.11.10 13:53:02 WARN  no build target for: C:\Users\ASUS\OneDrive - Universidad Icesi (@icesi.edu.co)\Discretas II\2023-2t2-team-e7\Implementacion\src\model\DualCheckSum.scala
2023.11.10 13:53:14 WARN  no build target for: C:\Users\ASUS\OneDrive - Universidad Icesi (@icesi.edu.co)\Discretas II\2023-2t2-team-e7\Implementacion\src\model\SingleCheckSum.scala
2023.11.10 13:54:52 WARN  no build target for: C:\Users\ASUS\OneDrive - Universidad Icesi (@icesi.edu.co)\Discretas II\2023-2t2-team-e7\Implementacion\src\model\ICheckSum.scala
2023.11.10 13:55:32 WARN  Could not find semantic tokens for: file:///C:/Users/ASUS/OneDrive%20-%20Universidad%20Icesi%20(@icesi.edu.co)/Discretas%20II/2023-2t2-team-e7/Implementacion/src/model/DataExperiment.scala
nov 10, 2023 1:57:06 PM org.eclipse.lsp4j.jsonrpc.RemoteEndpoint handleCancellation
ADVERTENCIA: Unmatched cancel notification for request id 2777
2023.11.10 13:58:01 WARN  no build target for: C:\Users\ASUS\OneDrive - Universidad Icesi (@icesi.edu.co)\Discretas II\2023-2t2-team-e7\Implementacion\src\model\Input.scala
Exception in thread "pool-1-thread-108" java.lang.InternalError: Malformed class name
	at java.lang.Class.getSimpleName(Class.java:1330)
	at scala.meta.internal.parsers.ScalametaParser.syntaxErrorExpected(ScalametaParser.scala:392)
	at scala.meta.internal.parsers.ScalametaParser.expect(ScalametaParser.scala:423)
	at scala.meta.internal.parsers.ScalametaParser.accept(ScalametaParser.scala:427)
	at scala.meta.internal.parsers.ScalametaParser.scala$meta$internal$parsers$ScalametaParser$$indentedAfterOpen(ScalametaParser.scala:282)
	at scala.meta.internal.parsers.ScalametaParser.indentedOnOpen(ScalametaParser.scala:278)
	at scala.meta.internal.parsers.ScalametaParser.$anonfun$blockOnIndent$1(ScalametaParser.scala:2512)
	at scala.meta.internal.parsers.ScalametaParser.$anonfun$blockInDelims$1(ScalametaParser.scala:2510)
	at scala.meta.internal.parsers.ScalametaParser.atPos(ScalametaParser.scala:319)
	at scala.meta.internal.parsers.ScalametaParser.autoPos(ScalametaParser.scala:365)
	at scala.meta.internal.parsers.ScalametaParser.blockInDelims(ScalametaParser.scala:2510)
	at scala.meta.internal.parsers.ScalametaParser.blockOnIndent(ScalametaParser.scala:2512)
	at scala.meta.internal.parsers.ScalametaParser.$anonfun$blockExprOnIndent$2(ScalametaParser.scala:2513)
	at scala.meta.internal.parsers.ScalametaParser.blockExprPartial(ScalametaParser.scala:2503)
	at scala.meta.internal.parsers.ScalametaParser.blockExprOnIndent(ScalametaParser.scala:2513)
	at scala.meta.internal.parsers.ScalametaParser.simpleExpr0(ScalametaParser.scala:2288)
	at scala.meta.internal.parsers.ScalametaParser.simpleExpr(ScalametaParser.scala:2243)
	at scala.meta.internal.parsers.ScalametaParser.prefixExpr(ScalametaParser.scala:2226)
	at scala.meta.internal.parsers.ScalametaParser.postfixExpr(ScalametaParser.scala:2100)
	at scala.meta.internal.parsers.ScalametaParser.$anonfun$expr$2(ScalametaParser.scala:1682)
	at scala.meta.internal.parsers.ScalametaParser.atPosOpt(ScalametaParser.scala:322)
	at scala.meta.internal.parsers.ScalametaParser.autoPosOpt(ScalametaParser.scala:366)
	at scala.meta.internal.parsers.ScalametaParser.expr(ScalametaParser.scala:1587)
	at scala.meta.internal.parsers.ScalametaParser.expr(ScalametaParser.scala:1486)
	at scala.meta.internal.parsers.ScalametaParser.$anonfun$funDefRest$1(ScalametaParser.scala:3827)
	at scala.meta.internal.parsers.ScalametaParser.autoEndPos(ScalametaParser.scala:368)
	at scala.meta.internal.parsers.ScalametaParser.autoEndPos(ScalametaParser.scala:373)
	at scala.meta.internal.parsers.ScalametaParser.funDefRest(ScalametaParser.scala:3789)
	at scala.meta.internal.parsers.ScalametaParser.funDefOrDclOrExtensionOrSecondaryCtor(ScalametaParser.scala:3734)
	at scala.meta.internal.parsers.ScalametaParser.defOrDclOrSecondaryCtor(ScalametaParser.scala:3564)
	at scala.meta.internal.parsers.ScalametaParser.nonLocalDefOrDcl(ScalametaParser.scala:3543)
	at scala.meta.internal.parsers.ScalametaParser$$anonfun$templateStat$1.applyOrElse(ScalametaParser.scala:4517)
	at scala.meta.internal.parsers.ScalametaParser$$anonfun$templateStat$1.applyOrElse(ScalametaParser.scala:4511)
	at scala.PartialFunction.$anonfun$runWith$1(PartialFunction.scala:231)
	at scala.PartialFunction.$anonfun$runWith$1$adapted(PartialFunction.scala:230)
	at scala.meta.internal.parsers.ScalametaParser.statSeqBuf(ScalametaParser.scala:4462)
	at scala.meta.internal.parsers.ScalametaParser.getStats$2(ScalametaParser.scala:4501)
	at scala.meta.internal.parsers.ScalametaParser.$anonfun$scala$meta$internal$parsers$ScalametaParser$$templateStatSeq$3(ScalametaParser.scala:4502)
	at scala.meta.internal.parsers.ScalametaParser.$anonfun$scala$meta$internal$parsers$ScalametaParser$$templateStatSeq$3$adapted(ScalametaParser.scala:4499)
	at scala.meta.internal.parsers.ScalametaParser.scala$meta$internal$parsers$ScalametaParser$$listBy(ScalametaParser.scala:568)
	at scala.meta.internal.parsers.ScalametaParser.scala$meta$internal$parsers$ScalametaParser$$templateStatSeq(ScalametaParser.scala:4499)
	at scala.meta.internal.parsers.ScalametaParser.scala$meta$internal$parsers$ScalametaParser$$templateStatSeq(ScalametaParser.scala:4491)
	at scala.meta.internal.parsers.ScalametaParser.$anonfun$templateBody$1(ScalametaParser.scala:4342)
	at scala.meta.internal.parsers.ScalametaParser.inBracesOr(ScalametaParser.scala:260)
	at scala.meta.internal.parsers.ScalametaParser.inBraces(ScalametaParser.scala:256)
	at scala.meta.internal.parsers.ScalametaParser.templateBody(ScalametaParser.scala:4342)
	at scala.meta.internal.parsers.ScalametaParser.templateBodyOpt(ScalametaParser.scala:4346)
	at scala.meta.internal.parsers.ScalametaParser.templateAfterExtends(ScalametaParser.scala:4289)
	at scala.meta.internal.parsers.ScalametaParser.$anonfun$templateOpt$1(ScalametaParser.scala:4337)
	at scala.meta.internal.parsers.ScalametaParser.atPos(ScalametaParser.scala:319)
	at scala.meta.internal.parsers.ScalametaParser.autoPos(ScalametaParser.scala:365)
	at scala.meta.internal.parsers.ScalametaParser.templateOpt(ScalametaParser.scala:4327)
	at scala.meta.internal.parsers.ScalametaParser.$anonfun$classDef$1(ScalametaParser.scala:3957)
	at scala.meta.internal.parsers.ScalametaParser.autoEndPos(ScalametaParser.scala:368)
	at scala.meta.internal.parsers.ScalametaParser.autoEndPos(ScalametaParser.scala:373)
	at scala.meta.internal.parsers.ScalametaParser.classDef(ScalametaParser.scala:3933)
	at scala.meta.internal.parsers.ScalametaParser.tmplDef(ScalametaParser.scala:3892)
	at scala.meta.internal.parsers.ScalametaParser.topLevelTmplDef(ScalametaParser.scala:3877)
	at scala.meta.internal.parsers.ScalametaParser$$anonfun$2.applyOrElse(ScalametaParser.scala:4483)
	at scala.meta.internal.parsers.ScalametaParser$$anonfun$2.applyOrElse(ScalametaParser.scala:4471)
	at scala.PartialFunction.$anonfun$runWith$1(PartialFunction.scala:231)
	at scala.PartialFunction.$anonfun$runWith$1$adapted(PartialFunction.scala:230)
	at scala.meta.internal.parsers.ScalametaParser.statSeqBuf(ScalametaParser.scala:4462)
	at scala.meta.internal.parsers.ScalametaParser.$anonfun$batchSource$13(ScalametaParser.scala:4696)
	at scala.Option.getOrElse(Option.scala:201)
	at scala.meta.internal.parsers.ScalametaParser.$anonfun$batchSource$1(ScalametaParser.scala:4696)
	at scala.meta.internal.parsers.ScalametaParser.atPos(ScalametaParser.scala:319)
	at scala.meta.internal.parsers.ScalametaParser.autoPos(ScalametaParser.scala:365)
	at scala.meta.internal.parsers.ScalametaParser.batchSource(ScalametaParser.scala:4652)
	at scala.meta.internal.parsers.ScalametaParser.$anonfun$source$1(ScalametaParser.scala:4645)
	at scala.meta.internal.parsers.ScalametaParser.atPos(ScalametaParser.scala:319)
	at scala.meta.internal.parsers.ScalametaParser.autoPos(ScalametaParser.scala:365)
	at scala.meta.internal.parsers.ScalametaParser.source(ScalametaParser.scala:4645)
	at scala.meta.internal.parsers.ScalametaParser.entrypointSource(ScalametaParser.scala:4650)
	at scala.meta.internal.parsers.ScalametaParser.parseSourceImpl(ScalametaParser.scala:135)
	at scala.meta.internal.parsers.ScalametaParser.$anonfun$parseSource$1(ScalametaParser.scala:132)
	at scala.meta.internal.parsers.ScalametaParser.parseRuleAfterBOF(ScalametaParser.scala:59)
	at scala.meta.internal.parsers.ScalametaParser.parseRule(ScalametaParser.scala:54)
	at scala.meta.internal.parsers.ScalametaParser.parseSource(ScalametaParser.scala:132)
	at scala.meta.parsers.Parse$.$anonfun$parseSource$1(Parse.scala:29)
	at scala.meta.parsers.Parse$$anon$1.apply(Parse.scala:36)
	at scala.meta.parsers.Api$XtensionParseDialectInput.parse(Api.scala:25)
	at scala.meta.internal.parsing.Trees.$anonfun$parse$2(Trees.scala:139)
	at scala.Option.map(Option.scala:242)
	at scala.meta.internal.parsing.Trees.parse(Trees.scala:130)
	at scala.meta.internal.parsing.Trees.didChange(Trees.scala:100)
	at scala.meta.internal.metals.MetalsLspService.$anonfun$parseTreesAndPublishDiags$2(MetalsLspService.scala:853)
	at scala.runtime.java8.JFunction0$mcV$sp.apply(JFunction0$mcV$sp.scala:18)
	at scala.concurrent.Future$.$anonfun$apply$1(Future.scala:687)
	at scala.concurrent.impl.Promise$Transformation.run(Promise.scala:467)
	at java.util.concurrent.ThreadPoolExecutor.runWorker(ThreadPoolExecutor.java:1149)
	at java.util.concurrent.ThreadPoolExecutor$Worker.run(ThreadPoolExecutor.java:624)
	at java.lang.Thread.run(Thread.java:748)
2023.11.10 13:58:36 WARN  no build target for: C:\Users\ASUS\OneDrive - Universidad Icesi (@icesi.edu.co)\Discretas II\2023-2t2-team-e7\Implementacion\src\model\Input.scala
2023.11.10 14:01:52 WARN  no build target for: C:\Users\ASUS\OneDrive - Universidad Icesi (@icesi.edu.co)\Discretas II\2023-2t2-team-e7\Implementacion\src\main\scala\main.scala
2023.11.10 14:02:00 WARN  no build target for: C:\Users\ASUS\OneDrive - Universidad Icesi (@icesi.edu.co)\Discretas II\2023-2t2-team-e7\Implementacion\src\main\scala\main.scala
2023.11.10 14:02:07 WARN  no build target for: C:\Users\ASUS\OneDrive - Universidad Icesi (@icesi.edu.co)\Discretas II\2023-2t2-team-e7\Implementacion\src\main\scala\main.scala
nov 10, 2023 2:03:12 PM org.eclipse.lsp4j.jsonrpc.RemoteEndpoint handleCancellation
ADVERTENCIA: Unmatched cancel notification for request id 3451
2023.11.10 14:03:13 WARN  Using indexes to guess the definition of Controller
2023.11.10 14:03:14 WARN  Using indexes to guess the definition of Controller
2023.11.10 14:03:47 WARN  no build target for: C:\Users\ASUS\OneDrive - Universidad Icesi (@icesi.edu.co)\Discretas II\2023-2t2-team-e7\Implementacion\src\model\Controller.scala
2023.11.10 14:13:22 WARN  no build target for: C:\Users\ASUS\OneDrive - Universidad Icesi (@icesi.edu.co)\Discretas II\2023-2t2-team-e7\Implementacion\src\model\Controller.scala
2023.11.10 14:13:24 WARN  no build target for: C:\Users\ASUS\OneDrive - Universidad Icesi (@icesi.edu.co)\Discretas II\2023-2t2-team-e7\Implementacion\src\model\Controller.scala
2023.11.10 14:13:42 WARN  Could not find semantic tokens for: file:///C:/Users/ASUS/OneDrive%20-%20Universidad%20Icesi%20(@icesi.edu.co)/Discretas%20II/2023-2t2-team-e7/Implementacion/src/model/DataExperiment.scala
nov 10, 2023 2:14:04 PM org.eclipse.lsp4j.jsonrpc.RemoteEndpoint handleCancellation
ADVERTENCIA: Unmatched cancel notification for request id 3825
2023.11.10 14:15:22 WARN  no build target for: C:\Users\ASUS\OneDrive - Universidad Icesi (@icesi.edu.co)\Discretas II\2023-2t2-team-e7\Implementacion\src\main\scala\main.scala
2023.11.10 14:17:35 WARN  Could not find semantic tokens for: file:///C:/Users/ASUS/OneDrive%20-%20Universidad%20Icesi%20(@icesi.edu.co)/Discretas%20II/2023-2t2-team-e7/Implementacion/src/model/Controller.scala
2023.11.10 14:17:38 WARN  no build target for: C:\Users\ASUS\OneDrive - Universidad Icesi (@icesi.edu.co)\Discretas II\2023-2t2-team-e7\Implementacion\src\model\Controller.scala
2023.11.10 14:18:25 WARN  no build target for: C:\Users\ASUS\OneDrive - Universidad Icesi (@icesi.edu.co)\Discretas II\2023-2t2-team-e7\Implementacion\src\main\scala\main.scala
2023.11.10 14:23:18 WARN  no build target for: C:\Users\ASUS\OneDrive - Universidad Icesi (@icesi.edu.co)\Discretas II\2023-2t2-team-e7\Implementacion\src\model\Controller.scala
2023.11.10 14:29:16 WARN  Using indexes to guess the definition of showResults
2023.11.10 14:29:17 WARN  no build target for: C:\Users\ASUS\OneDrive - Universidad Icesi (@icesi.edu.co)\Discretas II\2023-2t2-team-e7\Implementacion\src\main\scala\main.scala
2023.11.10 14:29:35 WARN  no build target for: C:\Users\ASUS\OneDrive - Universidad Icesi (@icesi.edu.co)\Discretas II\2023-2t2-team-e7\Implementacion\src\main\scala\main.scala
nov 10, 2023 2:35:57 PM org.eclipse.lsp4j.jsonrpc.RemoteEndpoint handleCancellation
ADVERTENCIA: Unmatched cancel notification for request id 4222
2023.11.10 14:36:01 WARN  no build target for: C:\Users\ASUS\OneDrive - Universidad Icesi (@icesi.edu.co)\Discretas II\2023-2t2-team-e7\Implementacion\src\main\scala\main.scala
2023.11.10 14:37:35 WARN  no build target for: C:\Users\ASUS\OneDrive - Universidad Icesi (@icesi.edu.co)\Discretas II\2023-2t2-team-e7\Implementacion\src\main\scala\model\Input.scala
2023.11.10 14:37:35 WARN  no build target for: C:\Users\ASUS\OneDrive - Universidad Icesi (@icesi.edu.co)\Discretas II\2023-2t2-team-e7\Implementacion\src\main\scala\model\DataExperiment.scala
2023.11.10 14:37:35 WARN  no build target for: C:\Users\ASUS\OneDrive - Universidad Icesi (@icesi.edu.co)\Discretas II\2023-2t2-team-e7\Implementacion\src\main\scala\model\DualCheckSum.scala
2023.11.10 14:37:35 WARN  no build target for: C:\Users\ASUS\OneDrive - Universidad Icesi (@icesi.edu.co)\Discretas II\2023-2t2-team-e7\Implementacion\src\main\scala\model\IExperiment.scala
2023.11.10 14:37:35 WARN  no build target for: C:\Users\ASUS\OneDrive - Universidad Icesi (@icesi.edu.co)\Discretas II\2023-2t2-team-e7\Implementacion\src\main\scala\model\SingleCheckSum.scala
2023.11.10 14:37:35 WARN  no build target for: C:\Users\ASUS\OneDrive - Universidad Icesi (@icesi.edu.co)\Discretas II\2023-2t2-team-e7\Implementacion\src\main\scala\model\ICheckSum.scala
2023.11.10 14:37:35 WARN  no build target for: C:\Users\ASUS\OneDrive - Universidad Icesi (@icesi.edu.co)\Discretas II\2023-2t2-team-e7\Implementacion\src\main\scala\model\ToyExperiment.scala
2023.11.10 14:37:35 WARN  no build target for: C:\Users\ASUS\OneDrive - Universidad Icesi (@icesi.edu.co)\Discretas II\2023-2t2-team-e7\Implementacion\src\main\scala\model\PequenaExperiment.scala
2023.11.10 14:37:35 WARN  no build target for: C:\Users\ASUS\OneDrive - Universidad Icesi (@icesi.edu.co)\Discretas II\2023-2t2-team-e7\Implementacion\src\main\scala\model\MedianaExperiment.scala
2023.11.10 14:37:35 WARN  no build target for: C:\Users\ASUS\OneDrive - Universidad Icesi (@icesi.edu.co)\Discretas II\2023-2t2-team-e7\Implementacion\src\main\scala\model\GrandeExperiment.scala
2023.11.10 14:37:35 WARN  no build target for: C:\Users\ASUS\OneDrive - Universidad Icesi (@icesi.edu.co)\Discretas II\2023-2t2-team-e7\Implementacion\src\main\scala\model\Controller.scala
2023.11.10 14:41:57 WARN  no build target for: C:\Users\ASUS\OneDrive - Universidad Icesi (@icesi.edu.co)\Discretas II\2023-2t2-team-e7\Implementacion\src\main\scala\model\ICheckSum.scala
2023.11.10 14:42:01 WARN  no build target for: C:\Users\ASUS\OneDrive - Universidad Icesi (@icesi.edu.co)\Discretas II\2023-2t2-team-e7\Implementacion\src\main\scala\model\DualCheckSum.scala
2023.11.10 14:42:02 WARN  no build target for: C:\Users\ASUS\OneDrive - Universidad Icesi (@icesi.edu.co)\Discretas II\2023-2t2-team-e7\Implementacion\src\main\scala\model\DataExperiment.scala
2023.11.10 14:42:12 WARN  no build target for: C:\Users\ASUS\OneDrive - Universidad Icesi (@icesi.edu.co)\Discretas II\2023-2t2-team-e7\Implementacion\src\main\scala\model\GrandeExperiment.scala
2023.11.10 14:42:14 WARN  no build target for: C:\Users\ASUS\OneDrive - Universidad Icesi (@icesi.edu.co)\Discretas II\2023-2t2-team-e7\Implementacion\src\main\scala\model\IExperiment.scala
2023.11.10 14:42:16 WARN  no build target for: C:\Users\ASUS\OneDrive - Universidad Icesi (@icesi.edu.co)\Discretas II\2023-2t2-team-e7\Implementacion\src\main\scala\model\MedianaExperiment.scala
2023.11.10 14:42:45 WARN  no build target for: C:\Users\ASUS\OneDrive - Universidad Icesi (@icesi.edu.co)\Discretas II\2023-2t2-team-e7\Implementacion\src\main\scala\model\DualCheckSum.scala
2023.11.10 14:49:08 WARN  no build target for: C:\Users\ASUS\OneDrive - Universidad Icesi (@icesi.edu.co)\Discretas II\2023-2t2-team-e7\Implementacion\src\main\scala\model\ICheckSum.scala
2023.11.10 14:54:20 WARN  no build target for: C:\Users\ASUS\OneDrive - Universidad Icesi (@icesi.edu.co)\Discretas II\2023-2t2-team-e7\Implementacion\src\main\scala\model\IExperiment.scala
2023.11.10 14:54:21 WARN  no build target for: C:\Users\ASUS\OneDrive - Universidad Icesi (@icesi.edu.co)\Discretas II\2023-2t2-team-e7\Implementacion\src\main\scala\model\IExperiment.scala
2023.11.10 14:54:24 WARN  no build target for: C:\Users\ASUS\OneDrive - Universidad Icesi (@icesi.edu.co)\Discretas II\2023-2t2-team-e7\Implementacion\src\main\scala\model\GrandeExperiment.scala
2023.11.10 14:54:24 WARN  no build target for: C:\Users\ASUS\OneDrive - Universidad Icesi (@icesi.edu.co)\Discretas II\2023-2t2-team-e7\Implementacion\src\main\scala\model\GrandeExperiment.scala
2023.11.10 14:54:29 WARN  no build target for: C:\Users\ASUS\OneDrive - Universidad Icesi (@icesi.edu.co)\Discretas II\2023-2t2-team-e7\Implementacion\src\main\scala\model\DataExperiment.scala
2023.11.10 14:54:29 WARN  no build target for: C:\Users\ASUS\OneDrive - Universidad Icesi (@icesi.edu.co)\Discretas II\2023-2t2-team-e7\Implementacion\src\main\scala\model\DataExperiment.scala
2023.11.10 14:54:31 WARN  no build target for: C:\Users\ASUS\OneDrive - Universidad Icesi (@icesi.edu.co)\Discretas II\2023-2t2-team-e7\Implementacion\src\main\scala\model\PequenaExperiment.scala
2023.11.10 14:54:32 WARN  no build target for: C:\Users\ASUS\OneDrive - Universidad Icesi (@icesi.edu.co)\Discretas II\2023-2t2-team-e7\Implementacion\src\main\scala\model\MedianaExperiment.scala
2023.11.10 14:54:32 WARN  no build target for: C:\Users\ASUS\OneDrive - Universidad Icesi (@icesi.edu.co)\Discretas II\2023-2t2-team-e7\Implementacion\src\main\scala\model\MedianaExperiment.scala
2023.11.10 14:54:35 WARN  no build target for: C:\Users\ASUS\OneDrive - Universidad Icesi (@icesi.edu.co)\Discretas II\2023-2t2-team-e7\Implementacion\src\main\scala\model\ToyExperiment.scala
2023.11.10 14:57:35 WARN  no build target for: C:\Users\ASUS\OneDrive - Universidad Icesi (@icesi.edu.co)\Discretas II\2023-2t2-team-e7\Implementacion\src\main\scala\model\MedianaExperiment.scala
2023.11.10 15:00:39 WARN  no build target for: C:\Users\ASUS\OneDrive - Universidad Icesi (@icesi.edu.co)\Discretas II\2023-2t2-team-e7\Implementacion\src\main\scala\model\MedianaExperiment.scala
2023.11.10 15:01:41 WARN  no build target for: C:\Users\ASUS\OneDrive - Universidad Icesi (@icesi.edu.co)\Discretas II\2023-2t2-team-e7\Implementacion\src\main\scala\model\ToyExperiment.scala
2023.11.10 15:01:43 WARN  no build target for: C:\Users\ASUS\OneDrive - Universidad Icesi (@icesi.edu.co)\Discretas II\2023-2t2-team-e7\Implementacion\src\main\scala\model\PequenaExperiment.scala
2023.11.10 15:01:44 WARN  no build target for: C:\Users\ASUS\OneDrive - Universidad Icesi (@icesi.edu.co)\Discretas II\2023-2t2-team-e7\Implementacion\src\main\scala\model\IExperiment.scala
2023.11.10 15:01:46 WARN  no build target for: C:\Users\ASUS\OneDrive - Universidad Icesi (@icesi.edu.co)\Discretas II\2023-2t2-team-e7\Implementacion\src\main\scala\model\DataExperiment.scala
2023.11.10 15:01:46 WARN  no build target for: C:\Users\ASUS\OneDrive - Universidad Icesi (@icesi.edu.co)\Discretas II\2023-2t2-team-e7\Implementacion\src\main\scala\model\DataExperiment.scala
2023.11.10 15:01:46 WARN  no build target for: C:\Users\ASUS\OneDrive - Universidad Icesi (@icesi.edu.co)\Discretas II\2023-2t2-team-e7\Implementacion\src\main\scala\model\Controller.scala
2023.11.10 15:01:47 WARN  no build target for: C:\Users\ASUS\OneDrive - Universidad Icesi (@icesi.edu.co)\Discretas II\2023-2t2-team-e7\Implementacion\src\main\scala\model\Controller.scala
2023.11.10 15:03:11 WARN  no build target for: C:\Users\ASUS\OneDrive - Universidad Icesi (@icesi.edu.co)\Discretas II\2023-2t2-team-e7\Implementacion\src\main\scala\model\GrandeExperiment.scala
2023.11.10 15:03:11 WARN  no build target for: C:\Users\ASUS\OneDrive - Universidad Icesi (@icesi.edu.co)\Discretas II\2023-2t2-team-e7\Implementacion\src\main\scala\model\GrandeExperiment.scala
2023.11.10 15:10:13 WARN  no build target for: C:\Users\ASUS\OneDrive - Universidad Icesi (@icesi.edu.co)\Discretas II\2023-2t2-team-e7\Implementacion\src\main\scala\model\GrandeExperiment.scala
nov 10, 2023 3:10:22 PM org.eclipse.lsp4j.jsonrpc.RemoteEndpoint handleCancellation
ADVERTENCIA: Unmatched cancel notification for request id 4666
2023.11.10 15:33:28 WARN  no build target for: C:\Users\ASUS\OneDrive - Universidad Icesi (@icesi.edu.co)\Discretas II\2023-2t2-team-e7\Implementacion\src\main\scala\main.scala
nov 10, 2023 3:33:34 PM org.eclipse.lsp4j.jsonrpc.RemoteEndpoint handleCancellation
ADVERTENCIA: Unmatched cancel notification for request id 4697
2023.11.10 15:33:52 WARN  no build target for: C:\Users\ASUS\OneDrive - Universidad Icesi (@icesi.edu.co)\Discretas II\2023-2t2-team-e7\Implementacion\src\main\scala\model\Input.scala
2023.11.10 15:34:15 WARN  no build target for: C:\Users\ASUS\OneDrive - Universidad Icesi (@icesi.edu.co)\Discretas II\2023-2t2-team-e7\Implementacion\src\main\scala\model\IExperiment.scala
2023.11.10 15:34:22 WARN  no build target for: C:\Users\ASUS\OneDrive - Universidad Icesi (@icesi.edu.co)\Discretas II\2023-2t2-team-e7\Implementacion\src\main\scala\model\GrandeExperiment.scala
2023.11.10 15:35:07 WARN  no build target for: C:\Users\ASUS\OneDrive - Universidad Icesi (@icesi.edu.co)\Discretas II\2023-2t2-team-e7\Implementacion\src\main\scala\model\DataExperiment.scala
2023.11.10 15:35:07 WARN  Could not find semantic tokens for: file:///C:/Users/ASUS/OneDrive%20-%20Universidad%20Icesi%20(@icesi.edu.co)/Discretas%20II/2023-2t2-team-e7/Implementacion/src/main/scala/model/DataExperiment.scala
2023.11.10 15:35:08 WARN  Could not find semantic tokens for: file:///C:/Users/ASUS/OneDrive%20-%20Universidad%20Icesi%20(@icesi.edu.co)/Discretas%20II/2023-2t2-team-e7/Implementacion/src/main/scala/model/DataExperiment.scala
2023.11.10 15:36:09 WARN  no build target for: C:\Users\ASUS\OneDrive - Universidad Icesi (@icesi.edu.co)\Discretas II\2023-2t2-team-e7\Implementacion\src\main\scala\model\MedianaExperiment.scala
2023.11.10 15:36:12 WARN  no build target for: C:\Users\ASUS\OneDrive - Universidad Icesi (@icesi.edu.co)\Discretas II\2023-2t2-team-e7\Implementacion\src\main\scala\model\PequenaExperiment.scala
2023.11.10 15:36:38 WARN  no build target for: C:\Users\ASUS\OneDrive - Universidad Icesi (@icesi.edu.co)\Discretas II\2023-2t2-team-e7\Implementacion\src\main\scala\model\DataExperiment.scala
2023.11.10 15:55:47 WARN  no build target for: C:\Users\ASUS\OneDrive - Universidad Icesi (@icesi.edu.co)\Discretas II\2023-2t2-team-e7\Implementacion\src\main\scala\model\Controller.scala
2023.11.10 15:55:47 WARN  no build target for: C:\Users\ASUS\OneDrive - Universidad Icesi (@icesi.edu.co)\Discretas II\2023-2t2-team-e7\Implementacion\src\main\scala\model\Controller.scala
2023.11.10 16:14:26 WARN  no build target for: C:\Users\ASUS\OneDrive - Universidad Icesi (@icesi.edu.co)\Discretas II\2023-2t2-team-e7\Implementacion\src\main\scala\model\SingleCheckSum.scala
2023.11.10 16:14:38 WARN  no build target for: C:\Users\ASUS\OneDrive - Universidad Icesi (@icesi.edu.co)\Discretas II\2023-2t2-team-e7\Implementacion\src\main\scala\model\DataExperiment.scala
2023.11.10 16:14:39 INFO  Shutting down server
2023.11.10 16:14:39 INFO  shutting down Metals
2023.11.10 16:14:39 INFO  Exiting server
