[debug] > Exec(early(addDefaultCommands), None, None)
[debug] > Exec(addDefaultCommands, None, None)
[debug] > Exec(early(initialize), None, None)
[debug] > Exec(initialize, None, None)
[debug] > Exec(early(addPluginSbtFile="""C:\Users\ASUS\AppData\Local\Temp\idea.sbt"""), None, None)
[debug] > Exec(addPluginSbtFile="""C:\Users\ASUS\AppData\Local\Temp\idea.sbt""", None, None)
[debug] > Exec(boot, None, None)
[debug] > Exec(writeSbtVersion, None, None)
[debug] > Exec(reload, None, None)
[debug] > Exec(sbtStashOnFailure, None, None)
[debug] > Exec(onFailure loadFailed, None, None)
[debug] > Exec(loadp, None, None)
[info] welcome to sbt 1.9.7 (AdoptOpenJDK Java 1.8.0_292)
[debug]       Load.loadUnit: plugins took 93.6647ms
[debug]       Load.loadUnit: defsScala took 0.392ms
[debug] [Loading] Scanning directory C:\Users\ASUS\.sbt\1.0\plugins
[debug] [Loading] Found non-root projects 
[debug] [Loading] Done in C:\Users\ASUS\.sbt\1.0\plugins, returning: ()
[debug] deducing auto plugins based on known facts Set(Atom(sbt.plugins.CorePlugin)) and clauses Clauses(Clause(Atom(sbt.plugins.JvmPlugin),Set(Atom(sbt.plugins.IvyPlugin)))
[debug] Clause(Atom(sbt.ScriptedPlugin),Set(Atom(sbt.plugins.JvmPlugin)))
[debug] Clause(Atom(sbt.plugins.SbtPlugin),Set(Atom(sbt.ScriptedPlugin)))
[debug] Clause(Atom(sbt.plugins.SemanticdbPlugin),Set(Atom(sbt.plugins.JvmPlugin)))
[debug] Clause(Atom(sbt.plugins.JUnitXmlReportPlugin),Set(Atom(sbt.plugins.JvmPlugin)))
[debug] Clause(Atom(sbt.plugins.MiniDependencyTreePlugin),Set(Atom(sbt.plugins.JvmPlugin)))
[debug] Clause(Atom(sbt.plugins.CorePlugin),Set(Atom(sbt.plugins.IvyPlugin)))
[debug] Clause(Atom(sbt.plugins.IvyPlugin),Set(Atom(sbt.plugins.JvmPlugin)))
[debug] Clause(Atom(sbt.plugins.JvmPlugin),Set(Atom(sbt.plugins.SemanticdbPlugin)))
[debug] Clause(Atom(sbt.plugins.JvmPlugin),Set(Atom(sbt.plugins.JUnitXmlReportPlugin)))
[debug] Clause(Atom(sbt.plugins.CorePlugin),Set(Atom(sbt.plugins.Giter8TemplatePlugin)))
[debug] Clause(Atom(sbt.plugins.JvmPlugin),Set(Atom(sbt.plugins.MiniDependencyTreePlugin))))
[debug]   :: deduced result: Matched(sbt.plugins.CorePlugin,sbt.plugins.Giter8TemplatePlugin,sbt.plugins.IvyPlugin,sbt.plugins.JvmPlugin,sbt.plugins.MiniDependencyTreePlugin,sbt.plugins.JUnitXmlReportPlugin,sbt.plugins.SemanticdbPlugin)
[debug] Plugins.deducer#function took 15.8881 ms
[debug]           Load.resolveProject(global-plugins) took 52.0076ms
[debug]         Load.loadTransitive: finalizeProject(Project(id global-plugins, base: C:\Users\ASUS\.sbt\1.0\plugins, plugins: List(<none>))) took 87.8106ms
[debug] [Loading] Done in C:\Users\ASUS\.sbt\1.0\plugins, returning: (global-plugins)
[debug]       Load.loadUnit: loadedProjectsRaw took 116.7452ms
[debug]       Load.loadUnit: cleanEvalClasses took 0.4176ms
[debug]     Load.loadUnit(file:/C:/Users/ASUS/.sbt/1.0/plugins/, ...) took 219.6392ms
[debug]   Load.apply: load took 432.2411ms
[debug]   Load.apply: resolveProjects took 8.7698ms
[debug]   Load.apply: finalTransforms took 172.426ms
[debug]   Load.apply: config.delegates took 8.9221ms
[debug]   Load.apply: Def.make(settings)... took 390.0394ms
[debug]   Load.apply: structureIndex took 84.2467ms
[debug]   Load.apply: mkStreams took 1.5798ms
[info] loading global plugins from C:\Users\ASUS\.sbt\1.0\plugins
[debug] Running task... Cancel: Signal, check cycles: false, forcegc: true
[debug] Load.defaultLoad until apply took 6371.8117ms
[debug]           Load.loadUnit: plugins took 25.0972ms
[debug]           Load.loadUnit: defsScala took 0.0036ms
[debug] [Loading] Scanning directory C:\Users\ASUS\OneDrive - Universidad Icesi (@icesi.edu.co)\Discretas II\2023-2t2-team-e7\Implementacion\project
[debug]             Load.loadUnit: mkEval took 8.0785ms
[debug] [Loading] Found non-root projects 
[debug] [Loading] Done in C:\Users\ASUS\OneDrive - Universidad Icesi (@icesi.edu.co)\Discretas II\2023-2t2-team-e7\Implementacion\project, returning: ()
[debug] deducing auto plugins based on known facts Set(Atom(sbt.plugins.CorePlugin)) and clauses Clauses(Clause(Atom(sbt.plugins.JvmPlugin),Set(Atom(sbt.plugins.IvyPlugin)))
[debug] Clause(Atom(sbt.ScriptedPlugin),Set(Atom(sbt.plugins.JvmPlugin)))
[debug] Clause(Atom(sbt.plugins.SbtPlugin),Set(Atom(sbt.ScriptedPlugin)))
[debug] Clause(Atom(sbt.plugins.SemanticdbPlugin),Set(Atom(sbt.plugins.JvmPlugin)))
[debug] Clause(Atom(sbt.plugins.JUnitXmlReportPlugin),Set(Atom(sbt.plugins.JvmPlugin)))
[debug] Clause(Atom(sbt.plugins.MiniDependencyTreePlugin),Set(Atom(sbt.plugins.JvmPlugin)))
[debug] Clause(Atom(sbt.plugins.CorePlugin),Set(Atom(sbt.plugins.IvyPlugin)))
[debug] Clause(Atom(sbt.plugins.IvyPlugin),Set(Atom(sbt.plugins.JvmPlugin)))
[debug] Clause(Atom(sbt.plugins.JvmPlugin),Set(Atom(sbt.plugins.SemanticdbPlugin)))
[debug] Clause(Atom(sbt.plugins.JvmPlugin),Set(Atom(sbt.plugins.JUnitXmlReportPlugin)))
[debug] Clause(Atom(sbt.plugins.CorePlugin),Set(Atom(sbt.plugins.Giter8TemplatePlugin)))
[debug] Clause(Atom(sbt.plugins.JvmPlugin),Set(Atom(sbt.plugins.MiniDependencyTreePlugin))))
[debug]   :: deduced result: Matched(sbt.plugins.CorePlugin,sbt.plugins.Giter8TemplatePlugin,sbt.plugins.IvyPlugin,sbt.plugins.JvmPlugin,sbt.plugins.MiniDependencyTreePlugin,sbt.plugins.JUnitXmlReportPlugin,sbt.plugins.SemanticdbPlugin)
[debug] Plugins.deducer#function took 1.3414 ms
[info] loading settings for project implementacion-build from idea.sbt ...
[debug]               Load.resolveProject(implementacion-build) took 2.4583ms
[debug]             Load.loadTransitive: finalizeProject(Project(id implementacion-build, base: C:\Users\ASUS\OneDrive - Universidad Icesi (@icesi.edu.co)\Discretas II\2023-2t2-team-e7\Implementacion\project, plugins: List(<none>))) took 4.289ms
[debug] [Loading] Done in C:\Users\ASUS\OneDrive - Universidad Icesi (@icesi.edu.co)\Discretas II\2023-2t2-team-e7\Implementacion\project, returning: (implementacion-build)
[debug]           Load.loadUnit: loadedProjectsRaw took 2724.9657ms
[debug]           Load.loadUnit: cleanEvalClasses took 4.2881ms
[debug]         Load.loadUnit(file:/C:/Users/ASUS/OneDrive%20-%20Universidad%20Icesi%20(@icesi.edu.co)/Discretas%20II/2023-2t2-team-e7/Implementacion/project/, ...) took 2755.4988ms
[debug]       Load.apply: load took 2757.3698ms
[debug]       Load.apply: resolveProjects took 0.1049ms
[debug]       Load.apply: finalTransforms took 10.9667ms
[debug]       Load.apply: config.delegates took 0.3428ms
[debug]       Load.apply: Def.make(settings)... took 72.9797ms
[debug]       Load.apply: structureIndex took 26.8512ms
[debug]       Load.apply: mkStreams took 0.0042ms
[info] loading project definition from C:\Users\ASUS\OneDrive - Universidad Icesi (@icesi.edu.co)\Discretas II\2023-2t2-team-e7\Implementacion\project
[debug] Running task... Cancel: Signal, check cycles: false, forcegc: true
[warn] Unrecognized repository Scala Plugin Bundled Repository, ignoring it
[warn] Unrecognized repository Scala Plugin Bundled Repository, ignoring it
[debug]     Load.loadUnit: plugins took 5645.855ms
[debug]     Load.loadUnit: defsScala took 0.0037ms
[debug] [Loading] Scanning directory C:\Users\ASUS\OneDrive - Universidad Icesi (@icesi.edu.co)\Discretas II\2023-2t2-team-e7\Implementacion
[debug]       Load.loadUnit: mkEval took 0.2665ms
[debug] [Loading] Found root project root w/ remaining 
[debug] deducing auto plugins based on known facts Set(Atom(sbt.plugins.CorePlugin)) and clauses Clauses(Clause(Atom(sbt.plugins.JvmPlugin),Set(Atom(sbt.plugins.IvyPlugin)))
[debug] Clause(Atom(sbt.ScriptedPlugin),Set(Atom(sbt.plugins.JvmPlugin)))
[debug] Clause(Atom(sbt.plugins.SbtPlugin),Set(Atom(sbt.ScriptedPlugin)))
[debug] Clause(Atom(sbt.plugins.SemanticdbPlugin),Set(Atom(sbt.plugins.JvmPlugin)))
[debug] Clause(Atom(sbt.plugins.JUnitXmlReportPlugin),Set(Atom(sbt.plugins.JvmPlugin)))
[debug] Clause(Atom(sbt.plugins.MiniDependencyTreePlugin),Set(Atom(sbt.plugins.JvmPlugin)))
[debug] Clause(Atom(org.jetbrains.sbt.StructurePlugin),Set(Atom(sbt.plugins.JvmPlugin)))
[debug] Clause(Atom(org.jetbrains.sbt.IdeaShellPlugin),Set(Atom(sbt.plugins.JvmPlugin)))
[debug] Clause(Atom(org.jetbrains.sbt.indices.SbtIntellijIndicesPlugin),Set(Atom(sbt.plugins.JvmPlugin)))
[debug] Clause(Atom(sbt.plugins.CorePlugin),Set(Atom(sbt.plugins.IvyPlugin)))
[debug] Clause(Atom(sbt.plugins.IvyPlugin),Set(Atom(sbt.plugins.JvmPlugin)))
[debug] Clause(Atom(sbt.plugins.JvmPlugin),Set(Atom(sbt.plugins.SemanticdbPlugin)))
[debug] Clause(Atom(sbt.plugins.JvmPlugin),Set(Atom(sbt.plugins.JUnitXmlReportPlugin)))
[debug] Clause(Atom(sbt.plugins.CorePlugin),Set(Atom(sbt.plugins.Giter8TemplatePlugin)))
[debug] Clause(Atom(sbt.plugins.JvmPlugin),Set(Atom(sbt.plugins.MiniDependencyTreePlugin)))
[debug] Clause(Atom(sbt.plugins.JvmPlugin),Set(Atom(org.jetbrains.sbt.StructurePlugin)))
[debug] Clause(Atom(sbt.plugins.JvmPlugin),Set(Atom(org.jetbrains.sbt.IdeaShellPlugin)))
[debug] Clause(And(Set(Atom(sbt.plugins.CorePlugin), Atom(sbt.plugins.JvmPlugin))),Set(Atom(org.jetbrains.sbt.indices.SbtIntellijIndicesPlugin))))
[debug]   :: deduced result: Matched(sbt.plugins.CorePlugin,sbt.plugins.Giter8TemplatePlugin,sbt.plugins.IvyPlugin,sbt.plugins.JvmPlugin,sbt.plugins.SemanticdbPlugin,org.jetbrains.sbt.indices.SbtIntellijIndicesPlugin,sbt.plugins.JUnitXmlReportPlugin,org.jetbrains.sbt.IdeaShellPlugin,org.jetbrains.sbt.StructurePlugin,sbt.plugins.MiniDependencyTreePlugin)
[debug] Plugins.deducer#function took 3.3661 ms
[info] loading settings for project root from build.sbt ...
[debug]         Load.resolveProject(root) took 43.4182ms
[debug]       Load.loadTransitive: finalizeProject(Project(id root, base: C:\Users\ASUS\OneDrive - Universidad Icesi (@icesi.edu.co)\Discretas II\2023-2t2-team-e7\Implementacion, plugins: List(<none>))) took 49.3361ms
[debug] [Loading] Done in C:\Users\ASUS\OneDrive - Universidad Icesi (@icesi.edu.co)\Discretas II\2023-2t2-team-e7\Implementacion, returning: (root)
[debug]     Load.loadUnit: loadedProjectsRaw took 1645.9763ms
[debug]     Load.loadUnit: cleanEvalClasses took 28.7439ms
[debug]   Load.loadUnit(file:/C:/Users/ASUS/OneDrive%20-%20Universidad%20Icesi%20(@icesi.edu.co)/Discretas%20II/2023-2t2-team-e7/Implementacion/, ...) took 7322.1205ms
[debug] Load.apply: load took 7324.6335ms
[debug] Load.apply: resolveProjects took 0.1749ms
[debug] Load.apply: finalTransforms took 27.635ms
[debug] Load.apply: config.delegates took 0.3093ms
[debug] Load.apply: Def.make(settings)... took 74.1068ms
[debug] Load.apply: structureIndex took 21.1312ms
[debug] Load.apply: mkStreams took 0.0026ms
[info] set current project to Implementacion (in build file:/C:/Users/ASUS/OneDrive%20-%20Universidad%20Icesi%20(@icesi.edu.co)/Discretas%20II/2023-2t2-team-e7/Implementacion/)
[debug] > Exec(sbtPopOnFailure, None, None)
[debug] > Exec(resumeFromFailure, None, None)
[debug] > Exec(notifyUsersAboutShell, None, None)
[debug] > Exec(iflast shell, None, None)
[debug] > Exec(; set ideaPort in Global := 54703 ; idea-shell, None, None)
[debug] > Exec(set ideaPort in Global := 54703, None, None)
[info] Defining Global / ideaPort
[info] The new value will be used by Compile / compile, Test / compile
[debug] Defining 
[debug] 	Global / ideaPort
[debug] 
[debug] The new value will be used by 
[debug] 	Compile / compile
[debug] 	Test / compile
[info] Reapplying settings...
[info] set current project to Implementacion (in build file:/C:/Users/ASUS/OneDrive%20-%20Universidad%20Icesi%20(@icesi.edu.co)/Discretas%20II/2023-2t2-team-e7/Implementacion/)
[debug] > Exec(idea-shell, None, None)
